<?xml version="1.0" encoding="UTF-8"?>
<!-- Generated by org.testng.reporters.JUnitXMLReporter -->
<testsuite ignored="0" hostname="LAPTOP-0TU0Q7TP" failures="0" tests="4" name="Test case" time="46.598" errors="0" timestamp="02 Dec 2020 11:33:11 GMT">
  <testcase classname="loginCheck.BothCorrect" name="loginWithCorrectCredential" time="15.794"/>
  <testcase classname="loginCheck.BothIncorrect" name="loginWithInCorrectCredential" time="10.68"/>
  <testcase classname="loginCheck.CorrectUserName" name="loginWithCorrectUserName" time="9.611"/>
  <testcase classname="loginCheck.CorrectPassword" name="loginWithCorrectPassword" time="10.465"/>
</testsuite> <!-- Test case -->
