<?xml version="1.0" encoding="UTF-8"?>
<testng-results ignored="0" total="2" passed="2" failed="0" skipped="0">
  <reporter-output>
  </reporter-output>
  <suite started-at="2021-04-02T12:46:34Z" name="HRM Test suite" finished-at="2021-04-02T12:46:42Z" duration-ms="8123">
    <groups>
    </groups>
    <test started-at="2021-04-02T12:46:34Z" name="User Role Testcase" finished-at="2021-04-02T12:46:39Z" duration-ms="5149">
      <class name="testCase.TestUserRole">
        <test-method signature="doExecute()[pri:0, instance:testCase.TestUserRole@2638011]" started-at="2021-04-02T12:46:34Z" name="doExecute" finished-at="2021-04-02T12:46:39Z" duration-ms="5123" status="PASS">
          <reporter-output>
          </reporter-output>
        </test-method> <!-- doExecute -->
      </class> <!-- testCase.TestUserRole -->
    </test> <!-- User Role Testcase -->
    <test started-at="2021-04-02T12:46:39Z" name="Pending Leave Request" finished-at="2021-04-02T12:46:42Z" duration-ms="2906">
      <class name="testCase.AdminCheck">
        <test-method is-config="true" signature="launchBrowser()[pri:0, instance:testCase.AdminCheck@ba54932]" started-at="2021-04-02T12:46:27Z" name="launchBrowser" finished-at="2021-04-02T12:46:34Z" duration-ms="7352" status="PASS">
          <reporter-output>
          </reporter-output>
        </test-method> <!-- launchBrowser -->
        <test-method signature="verifyPendingLeave()[pri:0, instance:testCase.AdminCheck@ba54932]" started-at="2021-04-02T12:46:39Z" name="verifyPendingLeave" finished-at="2021-04-02T12:46:42Z" duration-ms="2903" status="PASS">
          <reporter-output>
          </reporter-output>
        </test-method> <!-- verifyPendingLeave -->
        <test-method is-config="true" signature="closeBrowser()[pri:0, instance:testCase.AdminCheck@ba54932]" started-at="2021-04-02T12:46:42Z" name="closeBrowser" finished-at="2021-04-02T12:46:43Z" duration-ms="803" status="PASS">
          <reporter-output>
          </reporter-output>
        </test-method> <!-- closeBrowser -->
      </class> <!-- testCase.AdminCheck -->
    </test> <!-- Pending Leave Request -->
  </suite> <!-- HRM Test suite -->
</testng-results>
