<?xml version="1.0" encoding="UTF-8"?>
<testng-results ignored="0" total="1" passed="1" failed="0" skipped="0">
  <reporter-output>
  </reporter-output>
  <suite started-at="2020-12-03T10:10:04Z" name="Default suite" finished-at="2020-12-03T10:10:16Z" duration-ms="11659">
    <groups>
    </groups>
    <test started-at="2020-12-03T10:10:04Z" name="Default test" finished-at="2020-12-03T10:10:16Z" duration-ms="11659">
      <class name="phpTravelsLogin.LoginCheck">
        <test-method signature="loginCheck()[pri:0, instance:phpTravelsLogin.LoginCheck@7c9d8e2]" started-at="2020-12-03T10:10:04Z" name="loginCheck" finished-at="2020-12-03T10:10:16Z" duration-ms="11642" status="PASS">
          <reporter-output>
          </reporter-output>
        </test-method> <!-- loginCheck -->
      </class> <!-- phpTravelsLogin.LoginCheck -->
    </test> <!-- Default test -->
  </suite> <!-- Default suite -->
</testng-results>
